<?xml version="1.0" encoding="UTF-8"?>
<testsuite name="com.mycompany.app.AppTest" tests="1" skipped="0" failures="0" errors="0" timestamp="2017-12-20T05:14:04" hostname="MySize-Note" time="0.001">
  <properties/>
  <testcase name="testApp" classname="com.mycompany.app.AppTest" time="0.001"/>
  <system-out><![CDATA[]]></system-out>
  <system-err><![CDATA[]]></system-err>
</testsuite>
